<?xml version="1.0" encoding="UTF-8"?>
<!-- Generated by org.testng.reporters.JUnitReportReporter -->
<testsuite hostname="DESKTOP-9S6H9Q2" failures="0" tests="1" name="testCases.LoginTestCaseWithOutAnnotation" time="65.928" errors="0" timestamp="2023-05-26T08:07:41 IST" skipped="0">
  <testcase classname="testCases.LoginTestCaseWithOutAnnotation" name="login" time="65.928"/>
  <system-out/>
</testsuite> <!-- testCases.LoginTestCaseWithOutAnnotation -->
